<?xml version="1.0" encoding="UTF-8"?>
<testng-results skipped="0" failed="1" ignored="0" total="3" passed="2">
  <reporter-output>
  </reporter-output>
  <suite name="Command line suite" duration-ms="143955" started-at="2018-03-11T20:59:21Z" finished-at="2018-03-11T21:01:44Z">
    <groups>
    </groups>
    <test name="Command line test" duration-ms="143955" started-at="2018-03-11T20:59:21Z" finished-at="2018-03-11T21:01:44Z">
      <class name="com.epam.project.EmailTest">
        <test-method status="PASS" signature="setupClass()[pri:0, instance:com.epam.project.EmailTest@7c0e2abd]" name="setupClass" is-config="true" duration-ms="1375" started-at="2018-03-11T23:59:21Z" finished-at="2018-03-11T23:59:22Z">
          <reporter-output>
          </reporter-output>
        </test-method> <!-- setupClass -->
        <test-method status="PASS" signature="setupTest()[pri:0, instance:com.epam.project.EmailTest@7c0e2abd]" name="setupTest" is-config="true" duration-ms="6453" started-at="2018-03-11T23:59:22Z" finished-at="2018-03-11T23:59:28Z">
          <reporter-output>
          </reporter-output>
        </test-method> <!-- setupTest -->
        <test-method status="PASS" signature="draftTest()[pri:0, instance:com.epam.project.EmailTest@7c0e2abd]" name="draftTest" duration-ms="52888" started-at="2018-03-11T23:59:28Z" finished-at="2018-03-12T00:00:21Z">
          <reporter-output>
          </reporter-output>
        </test-method> <!-- draftTest -->
        <test-method status="PASS" signature="close()[pri:0, instance:com.epam.project.EmailTest@7c0e2abd]" name="close" is-config="true" duration-ms="1567" started-at="2018-03-12T00:00:21Z" finished-at="2018-03-12T00:00:23Z">
          <reporter-output>
          </reporter-output>
        </test-method> <!-- close -->
        <test-method status="PASS" signature="takeScreenshotOfFailureTest(org.testng.ITestResult)[pri:0, instance:com.epam.project.EmailTest@7c0e2abd]" name="takeScreenshotOfFailureTest" is-config="true" duration-ms="3" started-at="2018-03-12T00:00:23Z" finished-at="2018-03-12T00:00:23Z">
          <params>
            <param index="0">
              <value>
                <![CDATA[[TestResult name=draftTest status=SUCCESS method=EmailTest.draftTest()[pri:0, instance:com.epam.project.EmailTest@7c0e2abd] output={null}]]]>
              </value>
            </param>
          </params>
          <reporter-output>
          </reporter-output>
        </test-method> <!-- takeScreenshotOfFailureTest -->
        <test-method status="PASS" signature="setupTest()[pri:0, instance:com.epam.project.EmailTest@7c0e2abd]" name="setupTest" is-config="true" duration-ms="2177" started-at="2018-03-12T00:00:23Z" finished-at="2018-03-12T00:00:25Z">
          <reporter-output>
          </reporter-output>
        </test-method> <!-- setupTest -->
        <test-method status="PASS" signature="sentTest()[pri:0, instance:com.epam.project.EmailTest@7c0e2abd]" name="sentTest" duration-ms="11346" started-at="2018-03-12T00:00:25Z" finished-at="2018-03-12T00:00:36Z">
          <reporter-output>
          </reporter-output>
        </test-method> <!-- sentTest -->
        <test-method status="PASS" signature="close()[pri:0, instance:com.epam.project.EmailTest@7c0e2abd]" name="close" is-config="true" duration-ms="22444" started-at="2018-03-12T00:00:36Z" finished-at="2018-03-12T00:00:59Z">
          <reporter-output>
          </reporter-output>
        </test-method> <!-- close -->
        <test-method status="PASS" signature="takeScreenshotOfFailureTest(org.testng.ITestResult)[pri:0, instance:com.epam.project.EmailTest@7c0e2abd]" name="takeScreenshotOfFailureTest" is-config="true" duration-ms="0" started-at="2018-03-12T00:00:59Z" finished-at="2018-03-12T00:00:59Z">
          <params>
            <param index="0">
              <value>
                <![CDATA[[TestResult name=sentTest status=SUCCESS method=EmailTest.sentTest()[pri:0, instance:com.epam.project.EmailTest@7c0e2abd] output={null}]]]>
              </value>
            </param>
          </params>
          <reporter-output>
          </reporter-output>
        </test-method> <!-- takeScreenshotOfFailureTest -->
        <test-method status="PASS" signature="setupTest()[pri:0, instance:com.epam.project.EmailTest@7c0e2abd]" name="setupTest" is-config="true" duration-ms="23460" started-at="2018-03-12T00:00:59Z" finished-at="2018-03-12T00:01:22Z">
          <reporter-output>
          </reporter-output>
        </test-method> <!-- setupTest -->
        <test-method status="FAIL" signature="testLogIn()[pri:0, instance:com.epam.project.EmailTest@7c0e2abd]" name="testLogIn" duration-ms="117" started-at="2018-03-12T00:01:22Z" finished-at="2018-03-12T00:01:22Z">
          <exception class="java.lang.AssertionError">
            <message>
              <![CDATA[log in wasn't successfull expected [false] but found [true]]]>
            </message>
            <full-stacktrace>
              <![CDATA[java.lang.AssertionError: log in wasn't successfull expected [false] but found [true]at org.testng.Assert.fail(Assert.java:96)at org.testng.Assert.failNotEquals(Assert.java:776)at org.testng.Assert.assertFalse(Assert.java:65)at com.epam.project.Asserts.EmailAssert.checkSuccessfullLogIn(EmailAssert.java:21)at com.epam.project.EmailTest.testLogIn(EmailTest.java:15)at sun.reflect.NativeMethodAccessorImpl.invoke0(Native Method)at sun.reflect.NativeMethodAccessorImpl.invoke(NativeMethodAccessorImpl.java:62)at sun.reflect.DelegatingMethodAccessorImpl.invoke(DelegatingMethodAccessorImpl.java:43)at java.lang.reflect.Method.invoke(Method.java:498)at org.testng.internal.MethodInvocationHelper.invokeMethod(MethodInvocationHelper.java:124)at org.testng.internal.Invoker.invokeMethod(Invoker.java:571)at org.testng.internal.Invoker.invokeTestMethod(Invoker.java:707)at org.testng.internal.Invoker.invokeTestMethods(Invoker.java:979)at org.testng.internal.TestMethodWorker.invokeTestMethods(TestMethodWorker.java:125)at org.testng.internal.TestMethodWorker.run(TestMethodWorker.java:109)at org.testng.TestRunner.privateRun(TestRunner.java:648)at org.testng.TestRunner.run(TestRunner.java:505)at org.testng.SuiteRunner.runTest(SuiteRunner.java:455)at org.testng.SuiteRunner.runSequentially(SuiteRunner.java:450)at org.testng.SuiteRunner.privateRun(SuiteRunner.java:415)at org.testng.SuiteRunner.run(SuiteRunner.java:364)at org.testng.SuiteRunnerWorker.runSuite(SuiteRunnerWorker.java:52)at org.testng.SuiteRunnerWorker.run(SuiteRunnerWorker.java:84)at org.testng.TestNG.runSuitesSequentially(TestNG.java:1187)at org.testng.TestNG.runSuitesLocally(TestNG.java:1116)at org.testng.TestNG.runSuites(TestNG.java:1028)at org.testng.TestNG.run(TestNG.java:996)at org.apache.maven.surefire.testng.TestNGExecutor.run(TestNGExecutor.java:70)at org.apache.maven.surefire.testng.TestNGDirectoryTestSuite.executeMulti(TestNGDirectoryTestSuite.java:158)at org.apache.maven.surefire.testng.TestNGDirectoryTestSuite.execute(TestNGDirectoryTestSuite.java:98)at org.apache.maven.surefire.testng.TestNGProvider.invoke(TestNGProvider.java:111)at sun.reflect.NativeMethodAccessorImpl.invoke0(Native Method)at sun.reflect.NativeMethodAccessorImpl.invoke(NativeMethodAccessorImpl.java:62)at sun.reflect.DelegatingMethodAccessorImpl.invoke(DelegatingMethodAccessorImpl.java:43)at java.lang.reflect.Method.invoke(Method.java:498)at org.apache.maven.surefire.util.ReflectionUtils.invokeMethodWithArray(ReflectionUtils.java:164)at org.apache.maven.surefire.booter.ProviderFactory$ProviderProxy.invoke(ProviderFactory.java:110)at org.apache.maven.surefire.booter.SurefireStarter.invokeProvider(SurefireStarter.java:175)at org.apache.maven.surefire.booter.SurefireStarter.runSuitesInProcessWhenForked(SurefireStarter.java:107)at org.apache.maven.surefire.booter.ForkedBooter.main(ForkedBooter.java:68)]]>
            </full-stacktrace>
          </exception> <!-- java.lang.AssertionError -->
          <reporter-output>
          </reporter-output>
        </test-method> <!-- testLogIn -->
        <test-method status="PASS" signature="close()[pri:0, instance:com.epam.project.EmailTest@7c0e2abd]" name="close" is-config="true" duration-ms="21400" started-at="2018-03-12T00:01:22Z" finished-at="2018-03-12T00:01:44Z">
          <reporter-output>
          </reporter-output>
        </test-method> <!-- close -->
        <test-method status="PASS" signature="takeScreenshotOfFailureTest(org.testng.ITestResult)[pri:0, instance:com.epam.project.EmailTest@7c0e2abd]" name="takeScreenshotOfFailureTest" is-config="true" duration-ms="542" started-at="2018-03-12T00:01:44Z" finished-at="2018-03-12T00:01:44Z">
          <params>
            <param index="0">
              <value>
                <![CDATA[[TestResult name=testLogIn status=FAILURE method=EmailTest.testLogIn()[pri:0, instance:com.epam.project.EmailTest@7c0e2abd] output={null}]]]>
              </value>
            </param>
          </params>
          <reporter-output>
          </reporter-output>
        </test-method> <!-- takeScreenshotOfFailureTest -->
        <test-method status="PASS" signature="quit()[pri:0, instance:com.epam.project.EmailTest@7c0e2abd]" name="quit" is-config="true" duration-ms="160" started-at="2018-03-12T00:01:44Z" finished-at="2018-03-12T00:01:44Z">
          <reporter-output>
          </reporter-output>
        </test-method> <!-- quit -->
      </class> <!-- com.epam.project.EmailTest -->
    </test> <!-- Command line test -->
  </suite> <!-- Command line suite -->
</testng-results>
